<?xml version="1.0" encoding="UTF-8"?>
<testsuite xmlns:xsi="http://www.w3.org/2001/XMLSchema-instance" xsi:noNamespaceSchemaLocation="https://maven.apache.org/surefire/maven-surefire-plugin/xsd/surefire-test-report-3.0.xsd" version="3.0" name="com.example.demo.service.coffee_service.CoffeeServiceImplTest" time="0.814" tests="9" errors="0" skipped="0" failures="0">
  <properties>
[...]
</properties>
  <testcase name="shouldCreateCoffeeWithSeveralCondiments(int)[1]" classname="com.example.demo.service.coffee_service.CoffeeServiceImplTest" time="0.679">
    <system-out><![CDATA[--- Coffee with 1-5 condiments ---
]]></system-out>
  </testcase>
  <testcase name="shouldCreateCoffeeWithSeveralCondiments(int)[2]" classname="com.example.demo.service.coffee_service.CoffeeServiceImplTest" time="0.006">
    <system-out><![CDATA[--- Coffee with 1-5 condiments ---
]]></system-out>
  </testcase>
  <testcase name="shouldCreateCoffeeWithSeveralCondiments(int)[3]" classname="com.example.demo.service.coffee_service.CoffeeServiceImplTest" time="0.005">
    <system-out><![CDATA[--- Coffee with 1-5 condiments ---
]]></system-out>
  </testcase>
  <testcase name="shouldCreateCoffeeWithSeveralCondiments(int)[4]" classname="com.example.demo.service.coffee_service.CoffeeServiceImplTest" time="0.005">
    <system-out><![CDATA[--- Coffee with 1-5 condiments ---
]]></system-out>
  </testcase>
  <testcase name="shouldCreateCoffeeWithSeveralCondiments(int)[5]" classname="com.example.demo.service.coffee_service.CoffeeServiceImplTest" time="0.004">
    <system-out><![CDATA[--- Coffee with 1-5 condiments ---
]]></system-out>
  </testcase>
  <testcase name="shouldMakeAnError(int)[1]" classname="com.example.demo.service.coffee_service.CoffeeServiceImplTest" time="0.003"/>
  <testcase name="shouldCreateCoffeeWithoutCondiments(CoffeeEnum)[1]" classname="com.example.demo.service.coffee_service.CoffeeServiceImplTest" time="0.009">
    <system-out><![CDATA[--- Coffee without condiments ---
[!] Order created: AMERICANO. Price: 1.99$, null
]]></system-out>
  </testcase>
  <testcase name="shouldCreateCoffeeWithoutCondiments(CoffeeEnum)[2]" classname="com.example.demo.service.coffee_service.CoffeeServiceImplTest" time="0.005">
    <system-out><![CDATA[--- Coffee without condiments ---
[!] Order created: LATTE. Price: 1.99$, null
]]></system-out>
  </testcase>
  <testcase name="shouldCreateCoffeeWithoutCondiments(CoffeeEnum)[3]" classname="com.example.demo.service.coffee_service.CoffeeServiceImplTest" time="0.006">
    <system-out><![CDATA[--- Coffee without condiments ---
[!] Order created: ESPRESSO. Price: 1.99$, null
]]></system-out>
  </testcase>
</testsuite>